<?xml version="1.0" encoding="UTF-8"?>
<testsuite xmlns:xsi="http://www.w3.org/2001/XMLSchema-instance" xsi:noNamespaceSchemaLocation="https://maven.apache.org/surefire/maven-surefire-plugin/xsd/surefire-test-report-3.0.xsd" version="3.0" name="UserTests" time="0.625" tests="7" errors="0" skipped="0" failures="0">
  <properties>
[...]
</properties>
  <testcase name="testAddUser" classname="UserTests" time="0.026"/>
  <testcase name="testGetAllUsers" classname="UserTests" time="0.04"/>
  <testcase name="testUpdateUser" classname="UserTests" time="0.049"/>
  <testcase name="testCheckUserExistence" classname="UserTests" time="0.021"/>
  <testcase name="testCheckUserExistence(String, String, int)[1]" classname="UserTests" time="0.168"/>
  <testcase name="testCheckUserExistence(String, String, int)[2]" classname="UserTests" time="0.019"/>
  <testcase name="testDeleteUser" classname="UserTests" time="0.023"/>
</testsuite>